#
# A fatal error has been detected by the Java Runtime Environment:
#
#  EXCEPTION_STACK_OVERFLOW (0xc00000fd) at pc=0x6400b9a3, pid=2976, tid=0x00001cac
#
# JRE version: Java(TM) SE Runtime Environment (8.0_191-b12) (build 1.8.0_191-b12)
# Java VM: Java HotSpot(TM) Client VM (25.191-b12 mixed mode windows-x86 )
# Problematic frame:
# C  [jSSC-2.8_x86.dll+0xb9a3]
#
# Failed to write core dump. Minidumps are not enabled by default on client versions of Windows
#
# If you would like to submit a bug report, please visit:
#   http://bugreport.java.com/bugreport/crash.jsp
# The crash happened outside the Java Virtual Machine in native code.
# See problematic frame for where to report the bug.
#

---------------  T H R E A D  ---------------

Current thread (0x2795c800):  JavaThread "EventThread COM5" [_thread_in_native, id=7340, stack(0x051d0000,0x05220000)]

siginfo: ExceptionCode=0xc00000fd, ExceptionInformation=0x00000001 0x051d0650 

Registers:
EAX=0x00004500, EBX=0x26e728f8, ECX=0x051d0650, EDX=0x00000000
ESP=0x0521f644, EBP=0x0521f6a8, ESI=0x2795c940, EDI=0x26e7290c
EIP=0x6400b9a3, EFLAGS=0x00010206

Top of Stack: (sp=0x0521f644)
0x0521f644:   00052500 00000000 64001739 00000014
0x0521f654:   6e6f4d20 00000401 00000004 00000000
0x0521f664:   00000001 000524f9 00000001 00001f48
0x0521f674:   0de7fff8 00000b88 02e27860 0000006a
0x0521f684:   0000006a 0000007f 0002956a 00000000
0x0521f694:   00000000 02570f78 00000000 24f2c5c0
0x0521f6a4:   2795c800 0521f6d8 02b62765 2795c940
0x0521f6b4:   0521f6c4 00000b88 00000000 000524f9 

Instructions: (pc=0x6400b9a3)
0x6400b983:   fd ff ff eb 91 90 90 90 90 90 90 90 90 51 50 3d
0x6400b993:   00 10 00 00 8d 4c 24 0c 72 15 81 e9 00 10 00 00
0x6400b9a3:   83 09 00 2d 00 10 00 00 3d 00 10 00 00 77 eb 29
0x6400b9b3:   c1 83 09 00 58 59 c3 90 90 8b 44 24 04 c7 00 ff 


Register to memory mapping:

EAX=0x00004500 is an unknown value
EBX=0x26e728f8 is an unknown value
ECX=0x051d0650 is pointing into the stack for thread: 0x2795c800
EDX=0x00000000 is an unknown value
ESP=0x0521f644 is pointing into the stack for thread: 0x2795c800
EBP=0x0521f6a8 is pointing into the stack for thread: 0x2795c800
ESI=0x2795c940 is an unknown value
EDI=0x26e7290c is an unknown value


Stack: [0x051d0000,0x05220000],  sp=0x0521f644,  free space=317k
Native frames: (J=compiled Java code, j=interpreted, Vv=VM code, C=native code)
C  [jSSC-2.8_x86.dll+0xb9a3]
J 4023  jssc.SerialNativeInterface.readBytes(JI)[B (0 bytes) @ 0x02b62765 [0x02b626d0+0x95]
J 4528 C1 jssc.SerialPort$EventThread.run()V (84 bytes) @ 0x02bb1230 [0x02bb0fc0+0x270]
v  ~StubRoutines::call_stub
V  [jvm.dll+0x15c315]
V  [jvm.dll+0x223ece]
V  [jvm.dll+0x15c3ae]
V  [jvm.dll+0x15c536]
V  [jvm.dll+0x15c5a7]
V  [jvm.dll+0x1002ef]
V  [jvm.dll+0x17f550]
V  [jvm.dll+0x17fdca]
V  [jvm.dll+0x1c57a6]
C  [msvcr100.dll+0x5c556]
C  [msvcr100.dll+0x5c600]
C  [KERNEL32.DLL+0x1fa29]
C  [ntdll.dll+0x67a7e]
C  [ntdll.dll+0x67a4e]
C  0x00000000

Java frames: (J=compiled Java code, j=interpreted, Vv=VM code)
J 4023  jssc.SerialNativeInterface.readBytes(JI)[B (0 bytes) @ 0x02b62721 [0x02b626d0+0x51]
J 4528 C1 jssc.SerialPort$EventThread.run()V (84 bytes) @ 0x02bb1230 [0x02bb0fc0+0x270]
v  ~StubRoutines::call_stub

---------------  P R O C E S S  ---------------

Java Threads: ( => current thread )
=>0x2795c800 JavaThread "EventThread COM5" [_thread_in_native, id=7340, stack(0x051d0000,0x05220000)]
  0x2795b000 JavaThread "DestroyJavaVM" [_thread_blocked, id=15456, stack(0x00cd0000,0x00d20000)]
  0x27714c00 JavaThread "TimerQueue" daemon [_thread_blocked, id=21420, stack(0x2a290000,0x2a2e0000)]
  0x27713800 JavaThread "AWT-EventQueue-0" [_thread_blocked, id=20804, stack(0x29ed0000,0x29f20000)]
  0x27713400 JavaThread "AWT-Shutdown" [_thread_blocked, id=11296, stack(0x29e40000,0x29e90000)]
  0x27712800 JavaThread "Batik CleanerThread" daemon [_thread_blocked, id=16416, stack(0x289c0000,0x28a10000)]
  0x27711c00 JavaThread "JmDNS(Laptop-Gert.local.).State.Timer" [_thread_blocked, id=12076, stack(0x28850000,0x288a0000)]
  0x27714000 JavaThread "JmDNS(Laptop-Gert.local.).Timer" daemon [_thread_blocked, id=5676, stack(0x287c0000,0x28810000)]
  0x27712000 JavaThread "SocketListener(Laptop-Gert.local.)" daemon [_thread_in_native, id=17180, stack(0x28730000,0x28780000)]
  0x2767d400 JavaThread "JmDNS(192-168-178-28.local.).State.Timer" [_thread_blocked, id=10660, stack(0x28510000,0x28560000)]
  0x2767d000 JavaThread "JmDNS(192-168-178-28.local.).Timer" daemon [_thread_blocked, id=9248, stack(0x28480000,0x284d0000)]
  0x2767c800 JavaThread "SocketListener(192-168-178-28.local.)" daemon [_thread_in_native, id=7676, stack(0x283f0000,0x28440000)]
  0x274ca400 JavaThread "Multihomed mDNS.Timer" daemon [_thread_blocked, id=19004, stack(0x26a30000,0x26a80000)]
  0x273ab400 JavaThread "cc.arduino.packages.discoverers.serial.SerialDiscovery" [_thread_in_native, id=21344, stack(0x26f40000,0x26f90000)]
  0x263ed800 JavaThread "AWT-Windows" daemon [_thread_in_native, id=3164, stack(0x26ac0000,0x26b10000)]
  0x263ea400 JavaThread "Java2D Disposer" daemon [_thread_blocked, id=3428, stack(0x269a0000,0x269f0000)]
  0x25c7f000 JavaThread "Service Thread" daemon [_thread_blocked, id=14380, stack(0x26210000,0x26260000)]
  0x25c4cc00 JavaThread "C1 CompilerThread0" daemon [_thread_blocked, id=6872, stack(0x26180000,0x261d0000)]
  0x25c5b000 JavaThread "Attach Listener" daemon [_thread_blocked, id=5284, stack(0x260f0000,0x26140000)]
  0x25c5a000 JavaThread "Signal Dispatcher" daemon [_thread_blocked, id=10772, stack(0x26060000,0x260b0000)]
  0x25c3c400 JavaThread "Finalizer" daemon [_thread_blocked, id=10392, stack(0x25eb0000,0x25f00000)]
  0x25c36000 JavaThread "Reference Handler" daemon [_thread_blocked, id=4504, stack(0x25e20000,0x25e70000)]

Other Threads:
  0x25c20400 VMThread [stack: 0x055b0000,0x05600000] [id=13064]
  0x25c56800 WatcherThread [stack: 0x262a0000,0x262f0000] [id=16836]

VM state:at safepoint (normal execution)

VM Mutex/Monitor currently owned by a thread:  ([mutex/lock_event])
[0x00a0dde8] Threads_lock - owner thread: 0x25c20400
[0x00a0d838] Heap_lock - owner thread: 0x27713800

Heap:
 def new generation   total 157248K, used 157247K [0x05600000, 0x100a0000, 0x100a0000)
  eden space 139776K,  99% used [0x05600000, 0x0de7fff8, 0x0de80000)
  from space 17472K,  99% used [0x0de80000, 0x0ef8ffb8, 0x0ef90000)
  to   space 17472K,   0% used [0x0ef90000, 0x0ef90000, 0x100a0000)
 tenured generation   total 349568K, used 349568K [0x100a0000, 0x25600000, 0x25600000)
   the space 349568K, 100% used [0x100a0000, 0x25600000, 0x25600000, 0x25600000)
 Metaspace       used 25863K, capacity 26405K, committed 26496K, reserved 27008K

Card table byte_map: [0x25600000,0x25710000] byte_map_base: 0x255d5000

Polling page: 0x00a20000

CodeCache: size=32768Kb used=2995Kb max_used=4513Kb free=29772Kb
 bounds [0x02a70000, 0x02ee0000, 0x04a70000]
 total_blobs=1870 nmethods=1571 adapters=227
 compilation: enabled

Compilation events (10 events):
Event: 8107.198 Thread 0x25c4cc00 11179             java.nio.charset.CoderResult$Cache::access$200 (6 bytes)
Event: 8107.199 Thread 0x25c4cc00 nmethod 11179 0x02ed4ac8 code [0x02ed4bc0, 0x02ed4c4c]
Event: 8107.199 Thread 0x25c4cc00 11180             java.lang.Number::<init> (5 bytes)
Event: 8107.199 Thread 0x25c4cc00 nmethod 11180 0x02ed4908 code [0x02ed4a00, 0x02ed4a80]
Event: 8107.286 Thread 0x25c4cc00 11181             javax.jmdns.impl.DNSIncoming$MessageInputStream::readName (431 bytes)
Event: 8107.294 Thread 0x25c4cc00 nmethod 11181 0x02dccd48 code [0x02dcd0a0, 0x02dcde94]
Event: 8118.039 Thread 0x25c4cc00 11182             java.util.concurrent.locks.ReentrantLock$Sync::isHeldExclusively (16 bytes)
Event: 8118.039 Thread 0x25c4cc00 nmethod 11182 0x02ed5bc8 code [0x02ed5cc0, 0x02ed5d60]
Event: 8135.495 Thread 0x25c4cc00 11183             java.util.HashMap::clear (50 bytes)
Event: 8135.496 Thread 0x25c4cc00 nmethod 11183 0x02ed5948 code [0x02ed5a40, 0x02ed5b10]

GC Heap History (10 events):
Event: 8139.035 GC heap before
{Heap before GC invocations=111 (full 34):
 def new generation   total 157248K, used 157247K [0x05600000, 0x100a0000, 0x100a0000)
  eden space 139776K,  99% used [0x05600000, 0x0de7fff8, 0x0de80000)
  from space 17472K,  99% used [0x0de80000, 0x0ef8ff78, 0x0ef90000)
  to   space 17472K,   0% used [0x0ef90000, 0x0ef90000, 0x100a0000)
 tenured generation   total 349568K, used 349567K [0x100a0000, 0x25600000, 0x25600000)
   the space 349568K,  99% used [0x100a0000, 0x255ffff0, 0x25600000, 0x25600000)
 Metaspace       used 25863K, capacity 26405K, committed 26496K, reserved 27008K
Event: 8140.146 GC heap after
Heap after GC invocations=112 (full 35):
 def new generation   total 157248K, used 156574K [0x05600000, 0x100a0000, 0x100a0000)
  eden space 139776K,  99% used [0x05600000, 0x0de7fff8, 0x0de80000)
  from space 17472K,  96% used [0x0de80000, 0x0eee7a50, 0x0ef90000)
  to   space 17472K,   0% used [0x0ef90000, 0x0ef90000, 0x100a0000)
 tenured generation   total 349568K, used 349567K [0x100a0000, 0x25600000, 0x25600000)
   the space 349568K,  99% used [0x100a0000, 0x255ffff0, 0x25600000, 0x25600000)
 Metaspace       used 25863K, capacity 26405K, committed 26496K, reserved 27008K
}
Event: 8140.158 GC heap before
{Heap before GC invocations=112 (full 35):
 def new generation   total 157248K, used 157247K [0x05600000, 0x100a0000, 0x100a0000)
  eden space 139776K,  99% used [0x05600000, 0x0de7fff8, 0x0de80000)
  from space 17472K,  99% used [0x0de80000, 0x0ef8ffe8, 0x0ef90000)
  to   space 17472K,   0% used [0x0ef90000, 0x0ef90000, 0x100a0000)
 tenured generation   total 349568K, used 349567K [0x100a0000, 0x25600000, 0x25600000)
   the space 349568K,  99% used [0x100a0000, 0x255ffff0, 0x25600000, 0x25600000)
 Metaspace       used 25863K, capacity 26405K, committed 26496K, reserved 27008K
Event: 8141.313 GC heap after
Heap after GC invocations=113 (full 36):
 def new generation   total 157248K, used 156618K [0x05600000, 0x100a0000, 0x100a0000)
  eden space 139776K,  99% used [0x05600000, 0x0de7fff8, 0x0de80000)
  from space 17472K,  96% used [0x0de80000, 0x0eef28d8, 0x0ef90000)
  to   space 17472K,   0% used [0x0ef90000, 0x0ef90000, 0x100a0000)
 tenured generation   total 349568K, used 349567K [0x100a0000, 0x25600000, 0x25600000)
   the space 349568K,  99% used [0x100a0000, 0x255ffff0, 0x25600000, 0x25600000)
 Metaspace       used 25863K, capacity 26405K, committed 26496K, reserved 27008K
}
Event: 8141.325 GC heap before
{Heap before GC invocations=113 (full 36):
 def new generation   total 157248K, used 157247K [0x05600000, 0x100a0000, 0x100a0000)
  eden space 139776K,  99% used [0x05600000, 0x0de7fff8, 0x0de80000)
  from space 17472K,  99% used [0x0de80000, 0x0ef8fff8, 0x0ef90000)
  to   space 17472K,   0% used [0x0ef90000, 0x0ef90000, 0x100a0000)
 tenured generation   total 349568K, used 349568K [0x100a0000, 0x25600000, 0x25600000)
   the space 349568K, 100% used [0x100a0000, 0x25600000, 0x25600000, 0x25600000)
 Metaspace       used 25863K, capacity 26405K, committed 26496K, reserved 27008K
Event: 8142.410 GC heap after
Heap after GC invocations=114 (full 37):
 def new generation   total 157248K, used 156830K [0x05600000, 0x100a0000, 0x100a0000)
  eden space 139776K,  99% used [0x05600000, 0x0de7fff8, 0x0de80000)
  from space 17472K,  97% used [0x0de80000, 0x0ef27bc0, 0x0ef90000)
  to   space 17472K,   0% used [0x0ef90000, 0x0ef90000, 0x100a0000)
 tenured generation   total 349568K, used 349568K [0x100a0000, 0x25600000, 0x25600000)
   the space 349568K, 100% used [0x100a0000, 0x25600000, 0x25600000, 0x25600000)
 Metaspace       used 25863K, capacity 26405K, committed 26496K, reserved 27008K
}
Event: 8142.419 GC heap before
{Heap before GC invocations=114 (full 37):
 def new generation   total 157248K, used 157247K [0x05600000, 0x100a0000, 0x100a0000)
  eden space 139776K,  99% used [0x05600000, 0x0de7fff8, 0x0de80000)
  from space 17472K,  99% used [0x0de80000, 0x0ef8ff28, 0x0ef90000)
  to   space 17472K,   0% used [0x0ef90000, 0x0ef90000, 0x100a0000)
 tenured generation   total 349568K, used 349568K [0x100a0000, 0x25600000, 0x25600000)
   the space 349568K, 100% used [0x100a0000, 0x25600000, 0x25600000, 0x25600000)
 Metaspace       used 25863K, capacity 26405K, committed 26496K, reserved 27008K
Event: 8143.501 GC heap after
Heap after GC invocations=115 (full 38):
 def new generation   total 157248K, used 156884K [0x05600000, 0x100a0000, 0x100a0000)
  eden space 139776K,  99% used [0x05600000, 0x0de7fff8, 0x0de80000)
  from space 17472K,  97% used [0x0de80000, 0x0ef35398, 0x0ef90000)
  to   space 17472K,   0% used [0x0ef90000, 0x0ef90000, 0x100a0000)
 tenured generation   total 349568K, used 349568K [0x100a0000, 0x25600000, 0x25600000)
   the space 349568K, 100% used [0x100a0000, 0x25600000, 0x25600000, 0x25600000)
 Metaspace       used 25863K, capacity 26405K, committed 26496K, reserved 27008K
}
Event: 8143.506 GC heap before
{Heap before GC invocations=115 (full 38):
 def new generation   total 157248K, used 157247K [0x05600000, 0x100a0000, 0x100a0000)
  eden space 139776K,  99% used [0x05600000, 0x0de7fff8, 0x0de80000)
  from space 17472K,  99% used [0x0de80000, 0x0ef8ff38, 0x0ef90000)
  to   space 17472K,   0% used [0x0ef90000, 0x0ef90000, 0x100a0000)
 tenured generation   total 349568K, used 349568K [0x100a0000, 0x25600000, 0x25600000)
   the space 349568K, 100% used [0x100a0000, 0x25600000, 0x25600000, 0x25600000)
 Metaspace       used 25863K, capacity 26405K, committed 26496K, reserved 27008K
Event: 8144.660 GC heap after
Heap after GC invocations=116 (full 39):
 def new generation   total 157248K, used 156872K [0x05600000, 0x100a0000, 0x100a0000)
  eden space 139776K,  99% used [0x05600000, 0x0de7fff8, 0x0de80000)
  from space 17472K,  97% used [0x0de80000, 0x0ef320b0, 0x0ef90000)
  to   space 17472K,   0% used [0x0ef90000, 0x0ef90000, 0x100a0000)
 tenured generation   total 349568K, used 349568K [0x100a0000, 0x25600000, 0x25600000)
   the space 349568K, 100% used [0x100a0000, 0x25600000, 0x25600000, 0x25600000)
 Metaspace       used 25863K, capacity 26405K, committed 26496K, reserved 27008K
}

Deoptimization events (0 events):
No events

Classes redefined (0 events):
No events

Internal exceptions (10 events):
Event: 6822.647 Thread 0x27957000 Exception <a 'sun/nio/fs/WindowsException'> (0x0c571cf8) thrown at [C:\workspace\8-2-build-windows-i586-cygwin\jdk8u191\11896\hotspot\src\share\vm\prims\jni.cpp, line 709]
Event: 6822.647 Thread 0x27957000 Exception <a 'sun/nio/fs/WindowsException'> (0x0c572440) thrown at [C:\workspace\8-2-build-windows-i586-cygwin\jdk8u191\11896\hotspot\src\share\vm\prims\jni.cpp, line 709]
Event: 6822.653 Thread 0x27957000 Exception <a 'sun/nio/fs/WindowsException'> (0x0c578dc8) thrown at [C:\workspace\8-2-build-windows-i586-cygwin\jdk8u191\11896\hotspot\src\share\vm\prims\jni.cpp, line 709]
Event: 6822.653 Thread 0x27957000 Exception <a 'sun/nio/fs/WindowsException'> (0x0c57d570) thrown at [C:\workspace\8-2-build-windows-i586-cygwin\jdk8u191\11896\hotspot\src\share\vm\prims\jni.cpp, line 709]
Event: 6822.673 Thread 0x27957000 Exception <a 'sun/nio/fs/WindowsException'> (0x0c5879e8) thrown at [C:\workspace\8-2-build-windows-i586-cygwin\jdk8u191\11896\hotspot\src\share\vm\prims\jni.cpp, line 709]
Event: 6822.673 Thread 0x27957000 Exception <a 'sun/nio/fs/WindowsException'> (0x0c587fc8) thrown at [C:\workspace\8-2-build-windows-i586-cygwin\jdk8u191\11896\hotspot\src\share\vm\prims\jni.cpp, line 709]
Event: 6822.683 Thread 0x27957000 Exception <a 'sun/nio/fs/WindowsException'> (0x0c595bb8) thrown at [C:\workspace\8-2-build-windows-i586-cygwin\jdk8u191\11896\hotspot\src\share\vm\prims\jni.cpp, line 709]
Event: 6822.683 Thread 0x27957000 Exception <a 'sun/nio/fs/WindowsException'> (0x0c596198) thrown at [C:\workspace\8-2-build-windows-i586-cygwin\jdk8u191\11896\hotspot\src\share\vm\prims\jni.cpp, line 709]
Event: 6822.692 Thread 0x27957000 Exception <a 'sun/nio/fs/WindowsException'> (0x0c5a1638) thrown at [C:\workspace\8-2-build-windows-i586-cygwin\jdk8u191\11896\hotspot\src\share\vm\prims\jni.cpp, line 709]
Event: 6822.692 Thread 0x27957000 Exception <a 'sun/nio/fs/WindowsException'> (0x0c5a1be0) thrown at [C:\workspace\8-2-build-windows-i586-cygwin\jdk8u191\11896\hotspot\src\share\vm\prims\jni.cpp, line 709]

Events (10 events):
Event: 8139.035 Executing VM operation: GenCollectForAllocation
Event: 8140.146 Executing VM operation: GenCollectForAllocation done
Event: 8140.158 Executing VM operation: GenCollectForAllocation
Event: 8141.313 Executing VM operation: GenCollectForAllocation done
Event: 8141.324 Executing VM operation: GenCollectForAllocation
Event: 8142.410 Executing VM operation: GenCollectForAllocation done
Event: 8142.419 Executing VM operation: GenCollectForAllocation
Event: 8143.502 Executing VM operation: GenCollectForAllocation done
Event: 8143.505 Executing VM operation: GenCollectForAllocation
Event: 8144.660 Executing VM operation: GenCollectForAllocation done


Dynamic libraries:
0x00d70000 - 0x00da3000 	C:\Program Files (x86)\Arduino\java\bin\javaw.exe
0x77d50000 - 0x77ef3000 	C:\Windows\SYSTEM32\ntdll.dll
0x76830000 - 0x76920000 	C:\Windows\System32\KERNEL32.DLL
0x73c70000 - 0x73c82000 	C:\Program Files\Avast Software\Avast\x86\aswhook.dll
0x777c0000 - 0x779d8000 	C:\Windows\System32\KERNELBASE.dll
0x775d0000 - 0x7764b000 	C:\Windows\System32\ADVAPI32.dll
0x77bf0000 - 0x77caf000 	C:\Windows\System32\msvcrt.dll
0x77a20000 - 0x77a96000 	C:\Windows\System32\sechost.dll
0x77b30000 - 0x77bee000 	C:\Windows\System32\RPCRT4.dll
0x75d90000 - 0x75f2c000 	C:\Windows\System32\USER32.dll
0x77120000 - 0x77138000 	C:\Windows\System32\win32u.dll
0x76020000 - 0x76043000 	C:\Windows\System32\GDI32.dll
0x76a70000 - 0x76b4c000 	C:\Windows\System32\gdi32full.dll
0x773c0000 - 0x7743b000 	C:\Windows\System32\msvcp_win.dll
0x77450000 - 0x77570000 	C:\Windows\System32\ucrtbase.dll
0x72f60000 - 0x73170000 	C:\Windows\WinSxS\x86_microsoft.windows.common-controls_6595b64144ccf1df_6.0.19041.1110_none_a8625c1886757984\COMCTL32.dll
0x77aa0000 - 0x77ac5000 	C:\Windows\System32\IMM32.DLL
0x73ab0000 - 0x73b6f000 	C:\Program Files (x86)\Arduino\java\bin\msvcr100.dll
0x70f60000 - 0x71333000 	C:\Program Files (x86)\Arduino\java\bin\client\jvm.dll
0x75c20000 - 0x75c26000 	C:\Windows\System32\PSAPI.DLL
0x75be0000 - 0x75c08000 	C:\Windows\SYSTEM32\WINMM.dll
0x72b90000 - 0x72b98000 	C:\Windows\SYSTEM32\WSOCK32.dll
0x76050000 - 0x760b3000 	C:\Windows\System32\WS2_32.dll
0x74dd0000 - 0x74dd8000 	C:\Windows\SYSTEM32\VERSION.dll
0x73a80000 - 0x73ab0000 	C:\Program Files (x86)\Arduino\java\bin\splashscreen.dll
0x72ed0000 - 0x72f44000 	C:\Windows\system32\uxtheme.dll
0x760c0000 - 0x7633f000 	C:\Windows\System32\combase.dll
0x73a70000 - 0x73a7c000 	C:\Program Files (x86)\Arduino\java\bin\verify.dll
0x75cb0000 - 0x75d84000 	C:\Windows\System32\MSCTF.dll
0x77200000 - 0x77296000 	C:\Windows\System32\OLEAUT32.dll
0x73a40000 - 0x73a62000 	C:\Program Files (x86)\Arduino\java\bin\java.dll
0x75af0000 - 0x75aff000 	C:\Windows\SYSTEM32\kernel.appcore.dll
0x771a0000 - 0x771ff000 	C:\Windows\System32\bcryptPrimitives.dll
0x73a20000 - 0x73a34000 	C:\Program Files (x86)\Arduino\java\bin\zip.dll
0x738f0000 - 0x739a9000 	C:\Windows\SYSTEM32\textinputframework.dll
0x70ce0000 - 0x70f5e000 	C:\Windows\System32\CoreUIComponents.dll
0x73850000 - 0x738eb000 	C:\Windows\System32\CoreMessaging.dll
0x77cb0000 - 0x77d37000 	C:\Windows\System32\SHCORE.dll
0x739f0000 - 0x73a19000 	C:\Windows\SYSTEM32\ntmarta.dll
0x71b90000 - 0x71c6b000 	C:\Windows\SYSTEM32\wintypes.dll
0x76b50000 - 0x77106000 	C:\Windows\System32\SHELL32.dll
0x746a0000 - 0x74cac000 	C:\Windows\SYSTEM32\windows.storage.dll
0x74670000 - 0x74694000 	C:\Windows\SYSTEM32\Wldp.dll
0x769d0000 - 0x76a15000 	C:\Windows\System32\shlwapi.dll
0x74650000 - 0x74668000 	C:\Windows\SYSTEM32\profapi.dll
0x61940000 - 0x619b3000 	C:\Program Files (x86)\Arduino\lib\listSerialsj.dll
0x763f0000 - 0x7682b000 	C:\Windows\System32\SETUPAPI.dll
0x779e0000 - 0x77a1b000 	C:\Windows\System32\cfgmgr32.dll
0x769b0000 - 0x769c9000 	C:\Windows\System32\bcrypt.dll
0x739d0000 - 0x739ed000 	C:\Program Files (x86)\Arduino\lib\jnidispatch-4.2.2-win32-x86.dll
0x75f30000 - 0x76013000 	C:\Windows\System32\Ole32.dll
0x73830000 - 0x73845000 	C:\Program Files (x86)\Arduino\java\bin\net.dll
0x73e40000 - 0x73e92000 	C:\Windows\system32\mswsock.dll
0x73820000 - 0x7382f000 	C:\Program Files (x86)\Arduino\java\bin\nio.dll
0x73210000 - 0x73357000 	C:\Program Files (x86)\Arduino\java\bin\awt.dll
0x72190000 - 0x7222f000 	C:\Windows\SYSTEM32\apphelp.dll
0x72760000 - 0x72786000 	C:\Windows\system32\DWMAPI.DLL
0x737e0000 - 0x73819000 	C:\Program Files (x86)\Arduino\java\bin\fontmanager.dll
0x70ac0000 - 0x70bc4000 	C:\Windows\system32\opengl32.dll
0x731d0000 - 0x7320f000 	C:\Windows\SYSTEM32\GLU32.dll
0x73190000 - 0x731c2000 	C:\Program Files (x86)\Arduino\java\bin\t2k.dll
0x73c60000 - 0x73c6a000 	C:\Program Files (x86)\Arduino\java\bin\management.dll
0x73ef0000 - 0x73f01000 	C:\Windows\system32\napinsp.dll
0x73ed0000 - 0x73ee6000 	C:\Windows\system32\pnrpnsp.dll
0x73ec0000 - 0x73ed0000 	C:\Windows\system32\wshbth.dll
0x73ea0000 - 0x73eb6000 	C:\Windows\system32\NLAapi.dll
0x74160000 - 0x74192000 	C:\Windows\SYSTEM32\IPHLPAPI.DLL
0x740c0000 - 0x74151000 	C:\Windows\SYSTEM32\DNSAPI.dll
0x77110000 - 0x77117000 	C:\Windows\System32\NSI.dll
0x73e30000 - 0x73e3e000 	C:\Windows\System32\winrnr.dll
0x72e70000 - 0x72ec9000 	C:\Windows\System32\fwpuclnt.dll
0x73e20000 - 0x73e28000 	C:\Windows\System32\rasadhlp.dll
0x740a0000 - 0x740b4000 	C:\Windows\SYSTEM32\dhcpcsvc6.DLL
0x74080000 - 0x74096000 	C:\Windows\SYSTEM32\dhcpcsvc.DLL
0x73cc0000 - 0x73cd3000 	C:\Windows\SYSTEM32\CRYPTSP.dll
0x73c90000 - 0x73cbf000 	C:\Windows\system32\rsaenh.dll
0x74330000 - 0x74355000 	C:\Windows\SYSTEM32\USERENV.dll
0x75c10000 - 0x75c1a000 	C:\Windows\SYSTEM32\CRYPTBASE.dll
0x74620000 - 0x74644000 	C:\Windows\SYSTEM32\DEVOBJ.dll
0x76a20000 - 0x76a6d000 	C:\Windows\System32\WINTRUST.dll
0x772a0000 - 0x7739a000 	C:\Windows\System32\CRYPT32.dll
0x74610000 - 0x7461e000 	C:\Windows\SYSTEM32\MSASN1.dll
0x73bd0000 - 0x73c39000 	C:\Program Files (x86)\Arduino\msvcp100.dll
0x72be0000 - 0x72c9e000 	C:\Program Files (x86)\Arduino\msvcr100.dll
0x26f90000 - 0x26fc2000 	C:\Program Files (x86)\Arduino\lib\AStylej.dll
0x73b90000 - 0x73bb4000 	C:\Program Files (x86)\Arduino\java\bin\dcpr.dll
0x75c30000 - 0x75cae000 	C:\Windows\System32\clbcatq.dll
0x70940000 - 0x70ab1000 	C:\Windows\SYSTEM32\WindowsCodecs.dll
0x722e0000 - 0x72311000 	C:\Windows\system32\dataexchange.dll
0x705f0000 - 0x707d0000 	C:\Windows\system32\d3d11.dll
0x707d0000 - 0x70934000 	C:\Windows\system32\dcomp.dll
0x70c10000 - 0x70cd2000 	C:\Windows\system32\dxgi.dll
0x70460000 - 0x705ef000 	C:\Windows\system32\twinapi.appcore.dll
0x73c40000 - 0x73c60000 	C:\Program Files (x86)\Arduino\java\bin\sunec.dll
0x73bc0000 - 0x73bc9000 	C:\Program Files (x86)\Arduino\java\bin\sunmscapi.dll
0x64000000 - 0x6401b000 	C:\Program Files (x86)\Arduino\lib\jSSC-2.8_x86.dll
0x72cd0000 - 0x72e58000 	C:\Windows\SYSTEM32\dbghelp.dll

VM Arguments:
jvm_args: -Dsun.java2d.d3d=false -Djna.nosys=true -Djna.nounpack=true -Djna.boot.library.name=jnidispatch-4.2.2-win32-x86 -Djna.boot.library.path=C:\Program Files (x86)\Arduino/lib -Djssc.library.path=C:\Program Files (x86)\Arduino/lib -DAPP_DIR=C:\Program Files (x86)\Arduino -Xms128M -Xmx512M -Dfile.encoding=UTF8 -Djava.net.preferIPv4Stack=true 
java_command: processing.app.Base C:\Users\Gebruiker\OneDrive - HAN\Afstuderen\11_Software\ManikinOS_Demo\SmartHubController\SmartHubController.ino
java_class_path (initial): C:\Program Files (x86)\Arduino\lib\apple.jar;C:\Program Files (x86)\Arduino\lib\arduino-core.jar;C:\Program Files (x86)\Arduino\lib\batik-1.8.jar;C:\Program Files (x86)\Arduino\lib\batik-anim-1.8.jar;C:\Program Files (x86)\Arduino\lib\batik-awt-util-1.8.jar;C:\Program Files (x86)\Arduino\lib\batik-bridge-1.8.jar;C:\Program Files (x86)\Arduino\lib\batik-codec-1.8.jar;C:\Program Files (x86)\Arduino\lib\batik-css-1.8.jar;C:\Program Files (x86)\Arduino\lib\batik-dom-1.8.jar;C:\Program Files (x86)\Arduino\lib\batik-ext-1.8.jar;C:\Program Files (x86)\Arduino\lib\batik-gvt-1.8.jar;C:\Program Files (x86)\Arduino\lib\batik-parser-1.8.jar;C:\Program Files (x86)\Arduino\lib\batik-rasterizer-1.8.jar;C:\Program Files (x86)\Arduino\lib\batik-script-1.8.jar;C:\Program Files (x86)\Arduino\lib\batik-squiggle-1.8.jar;C:\Program Files (x86)\Arduino\lib\batik-svg-dom-1.8.jar;C:\Program Files (x86)\Arduino\lib\batik-svgpp-1.8.jar;C:\Program Files (x86)\Arduino\lib\batik-transcoder-1.8.jar;C:\Program Files (x86)\Arduino\lib\batik-util-1.8.jar;C:\Program Files (x86)\Arduino\lib\batik-xml-1.8.jar;C:\Program Files (x86)\Arduino\lib\bcpg-jdk15on-152.jar;C:\Program Files (x86)\Arduino\lib\bcprov-jdk15on-152.jar;C:\Program Files (x86)\Arduino\lib\commons-codec-1.7.jar;C:\Program Files (x86)\Arduino\lib\commons-compress-1.8.jar;C:\Program Files (x86)\Arduino\lib\commons-exec-1.1.jar;C:\Program Files (x86)\Arduino\lib\commons-httpclient-3.1.jar;C:\Program Files (x86)\Arduino\lib\commons-lang3-3.8.1.jar;C:\Program Files (x86)\Arduino\lib\commons-logging-1.0.4.jar;C:\Program Files (x86)\Arduino\lib\commons-net-3.3.jar;C:\Program Files (x86)\Arduino\lib\commons-io-2.6.jar;C:\Program Files (x86)\Arduino\lib\jackson-annotations-2.9.5.jar;C:\Program Files (x86)\Arduino\lib\jackson-core-2.9.5.jar;C:\Program Files (x86)\Arduino\lib\jackson-databind-2.9.5.jar;C:\Program Files (x86)\Arduino\lib\java-semver-0.8.0.jar;C:\Program Files (x86)\Arduino\lib\jmdns-3.5.5.jar;C:\Program
Launcher Type: SUN_STANDARD

Environment Variables:
PATH=C:\Program Files (x86)\Common Files\Oracle\Java\javapath;C:\Program Files\AdoptOpenJDK\jre-15.0.2.7-hotspot\bin;C:\Program Files\Python39\Scripts\;C:\Program Files\Python39\;C:\Windows\system32;C:\Windows;C:\Windows\System32\Wbem;C:\Windows\System32\WindowsPowerShell\v1.0\;C:\Windows\System32\OpenSSH\;C:\Program Files\CMake\bin;C:\Program Files\Git\cmd;C:\ProgramData\chocolatey\bin;C;C:\Program Files (x86)\dotnet\;C:\Program Files (x86)\GNU Arm Embedded Toolchain\10 2020-q4-major\bin;C:\Users\Gebruiker\AppData\Local\Microsoft\WindowsApps;C:\Users\Gebruiker\AppData\Local\Programs\Microsoft VS Code\bin;C:\Program Files (x86)\Arduino\java\bin
USERNAME=Gebruiker
OS=Windows_NT
PROCESSOR_IDENTIFIER=AMD64 Family 21 Model 19 Stepping 1, AuthenticAMD



---------------  S Y S T E M  ---------------

OS: Windows 10.0 , 64 bit Build 19041 (10.0.19041.1706)

CPU:total 4 (initial active 4) (4 cores per cpu, 1 threads per core) family 21 model 19 stepping 1, cmov, cx8, fxsr, mmx, sse, sse2, sse3, ssse3, sse4.1, sse4.2, popcnt, avx, aes, clmul, mmxext, 3dnowpref, lzcnt, sse4a, tsc, tscinvbit, tscinv, bmi1

Memory: 4k page, physical 7546252k(2211672k free), swap 10796504k(2203056k free)

vm_info: Java HotSpot(TM) Client VM (25.191-b12) for windows-x86 JRE (1.8.0_191-b12), built on Oct  6 2018 08:34:23 by "java_re" with MS VC++ 10.0 (VS2010)

time: Sat Jun 11 17:09:08 2022
elapsed time: 8144 seconds (0d 2h 15m 44s)

